<?xml version="1.0" encoding="UTF-8"?>
<testsuite xmlns:xsi="http://www.w3.org/2001/XMLSchema-instance" xsi:noNamespaceSchemaLocation="https://maven.apache.org/surefire/maven-surefire-plugin/xsd/surefire-test-report.xsd" name="be.intecbrussel.application.MyControl_Function_Test" time="13.246" tests="2" errors="0" skipped="0" failures="0">
  <properties>
[...]
</properties>
  <testcase name="checkRegisterDuplicateUserAccount" classname="be.intecbrussel.application.MyControl_Function_Test" time="12.41"/>
  <testcase name="checkIfTheUserNameAndPasswordIsValid" classname="be.intecbrussel.application.MyControl_Function_Test" time="0.316"/>
</testsuite>